The system is: Windows - 10.0.18363 - AMD64
Compiling the C compiler identification source file "CMakeCCompilerId.c" succeeded.
Compiler: C:/Program Files (x86)/Microsoft Visual Studio/2019/Community/VC/Tools/MSVC/14.25.28610/bin/Hostx64/x64/cl.exe 
Build flags: 
Id flags:  

The output was:
0
Microsoft (R) C/C++ Optimizing Compiler Version 19.25.28611 for x64
Copyright (C) Microsoft Corporation.  All rights reserved.

CMakeCCompilerId.c
Microsoft (R) Incremental Linker Version 14.25.28611.0
Copyright (C) Microsoft Corporation.  All rights reserved.

/out:CMakeCCompilerId.exe 
CMakeCCompilerId.obj 


Compilation of the C compiler identification source "CMakeCCompilerId.c" produced "CMakeCCompilerId.exe"

Compilation of the C compiler identification source "CMakeCCompilerId.c" produced "CMakeCCompilerId.obj"

The C compiler identification is MSVC, found in "C:/Users/Bill/CLionProjects/Raylib Game/cmake-build-debug/CMakeFiles/3.17.3/CompilerIdC/CMakeCCompilerId.exe"

Determining if the C compiler works passed with the following output:
Change Dir: C:/Users/Bill/CLionProjects/Raylib Game/cmake-build-debug/CMakeFiles/CMakeTmp

Run Build Command(s):nmake /nologo cmTC_e949e\fast && 	"C:\Program Files (x86)\Microsoft Visual Studio\2019\Community\VC\Tools\MSVC\14.25.28610\bin\HostX64\x64\nmake.exe"  -f CMakeFiles\cmTC_e949e.dir\build.make /nologo -L                  CMakeFiles\cmTC_e949e.dir\build
Building C object CMakeFiles/cmTC_e949e.dir/testCCompiler.c.obj
	C:\PROGRA~2\MICROS~1\2019\COMMUN~1\VC\Tools\MSVC\1425~1.286\bin\Hostx64\x64\cl.exe @C:\Users\Bill\AppData\Local\Temp\nm85BC.tmp
testCCompiler.c
Linking C executable cmTC_e949e.exe
	"C:\Program Files\JetBrains\CLion 2019.3.3\bin\cmake\win\bin\cmake.exe" -E vs_link_exe --intdir=CMakeFiles\cmTC_e949e.dir --rc=C:\PROGRA~2\WI3CF2~1\10\bin\100183~1.0\x64\rc.exe --mt=C:\PROGRA~2\WI3CF2~1\10\bin\100183~1.0\x64\mt.exe --manifests  -- C:\PROGRA~2\MICROS~1\2019\COMMUN~1\VC\Tools\MSVC\1425~1.286\bin\Hostx64\x64\link.exe /nologo @CMakeFiles\cmTC_e949e.dir\objects1.rsp @C:\Users\Bill\AppData\Local\Temp\nm85FC.tmp
	powershell -noprofile -executionpolicy Bypass -file C:/dev/vcpkg/scripts/buildsystems/msbuild/applocal.ps1 -targetBinary "C:/Users/Bill/CLionProjects/Raylib Game/cmake-build-debug/CMakeFiles/CMakeTmp/cmTC_e949e.exe" -installedDir C:/dev/vcpkg/installed/x64-windows/debug/bin -OutVariable out



Detecting C compiler ABI info compiled with the following output:
Change Dir: C:/Users/Bill/CLionProjects/Raylib Game/cmake-build-debug/CMakeFiles/CMakeTmp

Run Build Command(s):nmake /nologo cmTC_4b7c4\fast && 	"C:\Program Files (x86)\Microsoft Visual Studio\2019\Community\VC\Tools\MSVC\14.25.28610\bin\HostX64\x64\nmake.exe"  -f CMakeFiles\cmTC_4b7c4.dir\build.make /nologo -L                  CMakeFiles\cmTC_4b7c4.dir\build
Building C object CMakeFiles/cmTC_4b7c4.dir/CMakeCCompilerABI.c.obj
	C:\PROGRA~2\MICROS~1\2019\COMMUN~1\VC\Tools\MSVC\1425~1.286\bin\Hostx64\x64\cl.exe @C:\Users\Bill\AppData\Local\Temp\nm88C9.tmp
CMakeCCompilerABI.c
Linking C executable cmTC_4b7c4.exe
	"C:\Program Files\JetBrains\CLion 2019.3.3\bin\cmake\win\bin\cmake.exe" -E vs_link_exe --intdir=CMakeFiles\cmTC_4b7c4.dir --rc=C:\PROGRA~2\WI3CF2~1\10\bin\100183~1.0\x64\rc.exe --mt=C:\PROGRA~2\WI3CF2~1\10\bin\100183~1.0\x64\mt.exe --manifests  -- C:\PROGRA~2\MICROS~1\2019\COMMUN~1\VC\Tools\MSVC\1425~1.286\bin\Hostx64\x64\link.exe /nologo @CMakeFiles\cmTC_4b7c4.dir\objects1.rsp @C:\Users\Bill\AppData\Local\Temp\nm8918.tmp
	powershell -noprofile -executionpolicy Bypass -file C:/dev/vcpkg/scripts/buildsystems/msbuild/applocal.ps1 -targetBinary "C:/Users/Bill/CLionProjects/Raylib Game/cmake-build-debug/CMakeFiles/CMakeTmp/cmTC_4b7c4.exe" -installedDir C:/dev/vcpkg/installed/x64-windows/debug/bin -OutVariable out



